<?xml version="1.0" encoding="UTF-8"?>
<!-- Generated by org.testng.reporters.JUnitReportReporter -->
<testsuite hostname="DESKTOP-5TRQ2HB" name="test.facebook.FacebookEmailandPass" tests="1" failures="0" timestamp="4 Apr 2019 02:29:32 GMT" time="0.513" errors="0">
  <testcase name="testFacebookEmailPass1" time="0.513" classname="test.facebook.FacebookEmailandPass"/>
</testsuite> <!-- test.facebook.FacebookEmailandPass -->
