<?xml version="1.0" encoding="UTF-8"?>
<!-- Generated by org.testng.reporters.JUnitReportReporter -->
<testsuite hostname="DESKTOP-5TRQ2HB" name="test.facebook.FacebookEmailandPass" tests="1" failures="0" timestamp="31 Mar 2019 15:27:58 GMT" time="2.388" errors="0">
  <testcase name="testFacebookEmailPass1" time="2.388" classname="test.facebook.FacebookEmailandPass"/>
</testsuite> <!-- test.facebook.FacebookEmailandPass -->
