<?xml version="1.0" encoding="UTF-8"?>
<!-- Generated by org.testng.reporters.JUnitReportReporter -->
<testsuite hostname="DESKTOP-5TRQ2HB" name="test.facebook.Annotationpre$AnnotationPrec" tests="2" failures="0" timestamp="8 Apr 2019 03:53:56 GMT" time="0.005" errors="0">
  <testcase name="my2Test" time="0.004" classname="test.facebook.Annotationpre$AnnotationPrec"/>
  <testcase name="myTest" time="0.001" classname="test.facebook.Annotationpre$AnnotationPrec"/>
</testsuite> <!-- test.facebook.Annotationpre$AnnotationPrec -->
