<?xml version="1.0" encoding="UTF-8"?>
<!-- Generated by org.testng.reporters.JUnitReportReporter -->
<testsuite hostname="DESKTOP-5TRQ2HB" name="test.facebook.Groups" tests="2" failures="0" timestamp="8 Apr 2019 03:47:11 GMT" time="0.006" errors="0">
  <testcase name="talentTEK1" time="0.005" classname="test.facebook.Groups"/>
  <testcase name="talentTEK_Consulting" time="0.001" classname="test.facebook.Groups"/>
</testsuite> <!-- test.facebook.Groups -->
