<?xml version="1.0" encoding="UTF-8"?>
<!-- Generated by org.testng.reporters.JUnitReportReporter -->
<testsuite hostname="DESKTOP-5TRQ2HB" name="test.facebook.LoginFacebook" tests="1" failures="0" timestamp="26 Mar 2019 00:36:55 GMT" time="8.260" errors="0">
  <testcase name="testFacebookSignup" time="8.260" classname="test.facebook.LoginFacebook"/>
</testsuite> <!-- test.facebook.LoginFacebook -->
