<?xml version="1.0" encoding="UTF-8"?>
<!-- Generated by org.testng.reporters.JUnitReportReporter -->
<testsuite hostname="DESKTOP-5TRQ2HB" name="test.facebook.FacebookEmailandPass" tests="1" failures="0" timestamp="26 Mar 2019 00:43:12 GMT" time="0.352" errors="0">
  <testcase name="testFacebookEmailPass1" time="0.352" classname="test.facebook.FacebookEmailandPass"/>
</testsuite> <!-- test.facebook.FacebookEmailandPass -->
