<?xml version="1.0" encoding="UTF-8"?>
<!-- Generated by org.testng.reporters.JUnitReportReporter -->
<testsuite hostname="DESKTOP-5TRQ2HB" name="test.facebook.TryCatchError" tests="1" failures="0" timestamp="4 Apr 2019 02:29:32 GMT" time="0.006" errors="0">
  <testcase name="tryCatchTest" time="0.006" classname="test.facebook.TryCatchError"/>
</testsuite> <!-- test.facebook.TryCatchError -->
