<?xml version="1.0" encoding="UTF-8"?>
<!-- Generated by org.testng.reporters.JUnitReportReporter -->
<testsuite hostname="DESKTOP-5TRQ2HB" name="test.facebook.LoginFacebook" tests="1" failures="0" timestamp="31 Mar 2019 15:27:58 GMT" time="7.962" errors="0">
  <testcase name="testFacebookSignup" time="7.962" classname="test.facebook.LoginFacebook"/>
</testsuite> <!-- test.facebook.LoginFacebook -->
