<?xml version="1.0" encoding="UTF-8"?>
<!-- Generated by org.testng.reporters.JUnitReportReporter -->
<testsuite hostname="DESKTOP-5TRQ2HB" name="test.facebook.FacebookEmailandPass" tests="1" failures="0" timestamp="8 Apr 2019 03:53:56 GMT" time="2.405" errors="0">
  <testcase name="testFacebookEmailPass1" time="2.405" classname="test.facebook.FacebookEmailandPass"/>
</testsuite> <!-- test.facebook.FacebookEmailandPass -->
