<?xml version="1.0" encoding="UTF-8"?>
<!-- Generated by org.testng.reporters.JUnitReportReporter -->
<testsuite hostname="DESKTOP-5TRQ2HB" name="test.facebook.PracticeTryCatch" tests="1" failures="0" timestamp="8 Apr 2019 03:53:56 GMT" time="0.017" errors="0">
  <testcase name="tryCatchTest" time="0.017" classname="test.facebook.PracticeTryCatch"/>
</testsuite> <!-- test.facebook.PracticeTryCatch -->
