<?xml version="1.0" encoding="UTF-8"?>
<!-- Generated by org.testng.reporters.JUnitReportReporter -->
<testsuite hostname="DESKTOP-5TRQ2HB" name="test.facebook.Radiobutton$fbRadioButtonTest" tests="1" failures="0" timestamp="7 Apr 2019 13:49:39 GMT" time="0.145" errors="0">
  <testcase name="testRadioButton" time="0.145" classname="test.facebook.Radiobutton$fbRadioButtonTest"/>
</testsuite> <!-- test.facebook.Radiobutton$fbRadioButtonTest -->
